
> web-admin@0.1.0 dev
> next dev

Ôû▓ Next.js 16.1.6 (Turbopack)
- Local:         http://localhost:3000
- Network:       http://192.168.100.237:3000

Ô£ô Starting...
Ô£ô Ready in 885ms
 GET / 200 in 847ms (compile: 707ms, render: 140ms)
 GET / 200 in 33ms (compile: 6ms, render: 27ms)
 GET /auth 200 in 59ms (compile: 41ms, render: 18ms)
 GET /admin 200 in 188ms (compile: 170ms, render: 18ms)
 GET /admin/kanban 200 in 53ms (compile: 35ms, render: 18ms)
 GET /admin 200 in 18ms (compile: 3ms, render: 15ms)
 GET /admin/kanban 200 in 17ms (compile: 3ms, render: 14ms)
 GET /admin 200 in 19ms (compile: 3ms, render: 16ms)
 GET / 200 in 18ms (compile: 4ms, render: 14ms)
 GET /admin 200 in 19ms (compile: 3ms, render: 16ms)
Ô£ô Compiled in 677ms
 GET /admin 200 in 151ms (compile: 3ms, render: 148ms)
 GET /admin/kanban 200 in 62ms (compile: 44ms, render: 19ms)
 GET /admin 200 in 19ms (compile: 4ms, render: 16ms)
 GET / 200 in 16ms (compile: 3ms, render: 13ms)
Ô£ô Compiled in 102ms
 GET /admin 200 in 21ms (compile: 3ms, render: 18ms)
 GET /admin/kanban 200 in 59ms (compile: 39ms, render: 19ms)
 GET /admin/kanban 200 in 157ms (compile: 6ms, render: 151ms)
 GET /admin 200 in 20ms (compile: 5ms, render: 16ms)
 GET / 200 in 19ms (compile: 4ms, render: 15ms)
 GET / 200 in 25ms (compile: 3ms, render: 22ms)
 GET /admin/kanban 200 in 58ms (compile: 6ms, render: 52ms)
 GET /auth?redirect=%2Fadmin 200 in 43ms (compile: 12ms, render: 31ms)
 GET /admin 200 in 26ms (compile: 4ms, render: 22ms)
 GET /auth?redirect=%2Fadmin 200 in 74ms (compile: 13ms, render: 61ms)
 GET /auth?redirect=%2Fadmin 200 in 33ms (compile: 5ms, render: 27ms)
 GET /admin/kanban 200 in 46ms (compile: 3ms, render: 42ms)
 GET /auth?redirect=%2Fadmin 200 in 21ms (compile: 3ms, render: 18ms)
 GET /auth?redirect=/admin 200 in 75ms (compile: 6ms, render: 68ms)
 GET /admin 200 in 30ms (compile: 3ms, render: 27ms)
 GET /auth?redirect=%2Fadmin 200 in 72ms (compile: 10ms, render: 61ms)
 GET /auth?redirect=%2Fadmin 200 in 34ms (compile: 7ms, render: 27ms)
 GET /admin 200 in 32ms (compile: 3ms, render: 29ms)
 GET /auth?redirect=%2Fadmin 200 in 91ms (compile: 6ms, render: 86ms)
 GET /auth?redirect=%2Fadmin 200 in 60ms (compile: 8ms, render: 51ms)
 GET /admin 200 in 47ms (compile: 5ms, render: 42ms)
 GET /auth?redirect=%2Fadmin 200 in 80ms (compile: 10ms, render: 70ms)
 GET /auth?redirect=%2Fadmin 200 in 34ms (compile: 6ms, render: 27ms)
 GET /admin/kanban 200 in 54ms (compile: 7ms, render: 47ms)
 GET /auth?redirect=%2Fadmin 200 in 26ms (compile: 3ms, render: 22ms)
 GET /auth 200 in 17ms (compile: 3ms, render: 14ms)
 GET /auth 200 in 100ms (compile: 6ms, render: 94ms)
 GET /admin 200 in 32ms (compile: 3ms, render: 29ms)
Ô£ô Compiled in 65ms
ÔÜá Fast Refresh had to perform a full reload when ./src/contexts/AuthContext.tsx changed. Read more: https://nextjs.org/docs/messages/fast-refresh-reload
ÔÜá Fast Refresh had to perform a full reload when ./src/contexts/AuthContext.tsx changed. Read more: https://nextjs.org/docs/messages/fast-refresh-reload
Ô£ô Compiled in 70ms
 GET /admin/kanban 200 in 277ms (compile: 140ms, render: 137ms)
 GET /admin/kanban 200 in 400ms (compile: 4ms, render: 396ms)
 GET /admin 200 in 405ms (compile: 126ms, render: 279ms)
Ô£ô Compiled in 72ms
 GET / 200 in 88ms (compile: 63ms, render: 26ms)
 GET / 200 in 19ms (compile: 3ms, render: 16ms)
 GET / 200 in 82ms (compile: 3ms, render: 80ms)
 GET / 200 in 40ms (compile: 3ms, render: 37ms)
 GET /auth 200 in 94ms (compile: 66ms, render: 28ms)
 GET /admin 200 in 30ms (compile: 5ms, render: 25ms)
 GET /admin/kanban 200 in 28ms (compile: 3ms, render: 25ms)
 GET / 200 in 16ms (compile: 3ms, render: 13ms)
Ô£ô Compiled in 70ms
Ô£ô Compiled in 135ms
Ô£ô Compiled in 91ms
 GET / 200 in 268ms (compile: 67ms, render: 200ms)
 GET /admin 200 in 265ms (compile: 102ms, render: 163ms)
 GET / 200 in 202ms (compile: 18ms, render: 185ms)
 GET /admin 200 in 202ms (compile: 40ms, render: 163ms)
 GET / 200 in 177ms (compile: 6ms, render: 171ms)
 GET /admin 200 in 178ms (compile: 24ms, render: 153ms)
 GET / 200 in 178ms (compile: 21ms, render: 158ms)
 GET /admin 200 in 181ms (compile: 6ms, render: 175ms)
 GET /admin 200 in 198ms (compile: 4ms, render: 194ms)
 GET / 200 in 198ms (compile: 20ms, render: 178ms)
 GET /admin 200 in 201ms (compile: 10ms, render: 191ms)
 GET / 200 in 202ms (compile: 28ms, render: 174ms)
 GET /admin 200 in 205ms (compile: 6ms, render: 199ms)
 GET / 200 in 205ms (compile: 25ms, render: 180ms)
 GET /admin 200 in 201ms (compile: 6ms, render: 195ms)
 GET / 200 in 201ms (compile: 30ms, render: 172ms)
 GET /admin 200 in 186ms (compile: 5ms, render: 181ms)
 GET / 200 in 186ms (compile: 23ms, render: 163ms)
 GET / 200 in 186ms (compile: 24ms, render: 162ms)
 GET /admin 200 in 188ms (compile: 6ms, render: 182ms)
 GET /admin 200 in 174ms (compile: 4ms, render: 170ms)
 GET / 200 in 174ms (compile: 21ms, render: 153ms)
 GET /admin 200 in 174ms (compile: 5ms, render: 169ms)
 GET / 200 in 174ms (compile: 22ms, render: 153ms)
 GET /admin 200 in 181ms (compile: 5ms, render: 175ms)
 GET / 200 in 181ms (compile: 26ms, render: 155ms)
 GET /admin 200 in 184ms (compile: 4ms, render: 180ms)
 GET / 200 in 184ms (compile: 20ms, render: 164ms)
 GET /admin 200 in 184ms (compile: 5ms, render: 179ms)
 GET / 200 in 184ms (compile: 21ms, render: 162ms)
 GET / 200 in 140ms (compile: 22ms, render: 118ms)
 GET /admin 200 in 142ms (compile: 5ms, render: 137ms)
 GET / 200 in 96ms (compile: 25ms, render: 71ms)
 GET /admin 200 in 98ms (compile: 5ms, render: 93ms)
 GET /admin 200 in 49ms (compile: 6ms, render: 43ms)
 GET / 200 in 49ms (compile: 26ms, render: 23ms)
Ô£ô Compiled in 44ms
ÔÜá Fast Refresh had to perform a full reload when ./src/contexts/AuthContext.tsx changed. Read more: https://nextjs.org/docs/messages/fast-refresh-reload
ÔÜá Fast Refresh had to perform a full reload when ./src/contexts/AuthContext.tsx changed. Read more: https://nextjs.org/docs/messages/fast-refresh-reload
Ô£ô Compiled in 34ms
 GET / 200 in 331ms (compile: 206ms, render: 125ms)
 GET /admin 200 in 106ms (compile: 4ms, render: 101ms)
 GET / 200 in 81ms (compile: 13ms, render: 67ms)
 GET /auth 200 in 153ms (compile: 74ms, render: 79ms)
 GET /profile 200 in 731ms (compile: 709ms, render: 23ms)
 GET /offer 200 in 105ms (compile: 75ms, render: 30ms)
 GET /auth 200 in 48ms (compile: 6ms, render: 42ms)
 GET /profile 200 in 27ms (compile: 5ms, render: 22ms)
 GET /assess 200 in 154ms (compile: 67ms, render: 86ms)
 GET /admin/kanban 200 in 92ms (compile: 63ms, render: 29ms)
 GET /auth?redirect=%2Fadmin 200 in 37ms (compile: 5ms, render: 33ms)
 GET /auth?redirect=%2Fadmin 200 in 21ms (compile: 4ms, render: 17ms)
Ô£ô Compiled in 58ms
 GET /admin 200 in 26ms (compile: 3ms, render: 23ms)
 GET /auth?redirect=%2Fadmin 200 in 36ms (compile: 6ms, render: 30ms)
 GET /auth?redirect=%2Fadmin 200 in 19ms (compile: 3ms, render: 16ms)
 GET /admin 200 in 18ms (compile: 3ms, render: 15ms)
 GET /auth?redirect=%2Fadmin 200 in 38ms (compile: 4ms, render: 34ms)
 GET /auth?redirect=%2Fadmin 200 in 18ms (compile: 3ms, render: 15ms)
 GET /admin 200 in 21ms (compile: 3ms, render: 18ms)
 GET /admin/kanban 200 in 20ms (compile: 3ms, render: 17ms)
Ô£ô Compiled in 41ms
 GET /admin 200 in 16ms (compile: 3ms, render: 13ms)
 GET / 200 in 26ms (compile: 3ms, render: 22ms)
 GET /admin 200 in 22ms (compile: 4ms, render: 18ms)
 GET / 200 in 16ms (compile: 2ms, render: 14ms)
 GET / 200 in 20ms (compile: 3ms, render: 16ms)
 GET /auth 200 in 19ms (compile: 3ms, render: 16ms)
 GET /profile 200 in 17ms (compile: 3ms, render: 14ms)
 GET /offer 200 in 19ms (compile: 4ms, render: 15ms)
Ô£ô Compiled in 99ms
 GET / 200 in 16ms (compile: 3ms, render: 13ms)
 GET / 200 in 43ms (compile: 3ms, render: 39ms)
 GET /profile 200 in 18ms (compile: 3ms, render: 15ms)
 GET /offer 200 in 76ms (compile: 52ms, render: 25ms)
 GET /assess 200 in 75ms (compile: 50ms, render: 24ms)
 GET /profile 200 in 23ms (compile: 4ms, render: 19ms)
Ô£ô Compiled in 90ms
 GET /profile 200 in 150ms (compile: 62ms, render: 89ms)
Ô£ô Compiled in 101ms
 GET /auth?redirect=%2Fadmin 200 in 230ms (compile: 75ms, render: 155ms)
 GET /profile 200 in 127ms (compile: 24ms, render: 103ms)
 GET /auth?redirect=%2Fadmin 200 in 109ms (compile: 5ms, render: 105ms)
 GET /profile 200 in 112ms (compile: 3ms, render: 109ms)
 GET /auth?redirect=%2Fadmin 200 in 118ms (compile: 4ms, render: 114ms)
 GET /profile 200 in 157ms (compile: 8ms, render: 148ms)
 GET /auth?redirect=%2Fadmin 200 in 156ms (compile: 28ms, render: 128ms)
 GET /profile 200 in 159ms (compile: 6ms, render: 153ms)
 GET /auth?redirect=%2Fadmin 200 in 161ms (compile: 25ms, render: 136ms)
 GET /profile 200 in 137ms (compile: 4ms, render: 133ms)
 GET /auth?redirect=%2Fadmin 200 in 136ms (compile: 8ms, render: 128ms)
 GET /profile 200 in 137ms (compile: 6ms, render: 131ms)
 GET /auth?redirect=%2Fadmin 200 in 118ms (compile: 6ms, render: 113ms)
 GET /profile 200 in 120ms (compile: 5ms, render: 115ms)
 GET /auth?redirect=%2Fadmin 200 in 122ms (compile: 5ms, render: 117ms)
 GET /profile 200 in 123ms (compile: 4ms, render: 118ms)
 GET /auth?redirect=%2Fadmin 200 in 104ms (compile: 4ms, render: 100ms)
 GET /profile 200 in 146ms (compile: 6ms, render: 140ms)
 GET /auth?redirect=%2Fadmin 200 in 125ms (compile: 5ms, render: 120ms)
 GET /profile 200 in 119ms (compile: 3ms, render: 116ms)
 GET /auth?redirect=%2Fadmin 200 in 115ms (compile: 5ms, render: 110ms)
 GET /profile 200 in 107ms (compile: 4ms, render: 103ms)
 GET /auth?redirect=%2Fadmin 200 in 83ms (compile: 9ms, render: 74ms)
 GET /profile 200 in 109ms (compile: 3ms, render: 105ms)
 GET /auth?redirect=%2Fadmin 200 in 98ms (compile: 3ms, render: 95ms)
 GET /profile 200 in 101ms (compile: 3ms, render: 97ms)
 GET /auth?redirect=%2Fadmin 200 in 98ms (compile: 2ms, render: 96ms)
 GET /profile 200 in 101ms (compile: 3ms, render: 98ms)
 GET /auth?redirect=%2Fadmin 200 in 106ms (compile: 3ms, render: 103ms)
 GET /profile 200 in 98ms (compile: 4ms, render: 94ms)
 GET /auth?redirect=%2Fadmin 200 in 96ms (compile: 3ms, render: 93ms)
 GET /profile 200 in 97ms (compile: 4ms, render: 93ms)
 GET /auth?redirect=%2Fadmin 200 in 97ms (compile: 5ms, render: 92ms)
 GET /profile 200 in 95ms (compile: 4ms, render: 91ms)
 GET /auth?redirect=%2Fadmin 200 in 109ms (compile: 4ms, render: 105ms)
 GET /profile 200 in 91ms (compile: 3ms, render: 89ms)
 GET /auth?redirect=%2Fadmin 200 in 77ms (compile: 7ms, render: 71ms)
 GET /profile 200 in 57ms (compile: 3ms, render: 54ms)
 GET /auth?redirect=%2Fadmin 200 in 41ms (compile: 3ms, render: 38ms)
 GET /profile 200 in 25ms (compile: 3ms, render: 22ms)
Ô£ô Compiled in 173ms
 GET /auth?redirect=/admin 200 in 103ms (compile: 4ms, render: 99ms)
 GET /auth?redirect=/admin 200 in 61ms (compile: 8ms, render: 53ms)
 GET /profile 200 in 46ms (compile: 5ms, render: 41ms)
 GET / 200 in 27ms (compile: 13ms, render: 14ms)
 GET /profile 200 in 15ms (compile: 3ms, render: 12ms)
 GET / 200 in 18ms (compile: 5ms, render: 13ms)
 GET / 200 in 19ms (compile: 2ms, render: 17ms)
 GET /auth 200 in 17ms (compile: 3ms, render: 14ms)
 GET /profile 200 in 18ms (compile: 3ms, render: 15ms)
 GET / 200 in 17ms (compile: 4ms, render: 13ms)
 GET / 200 in 16ms (compile: 3ms, render: 13ms)
 GET /auth 200 in 18ms (compile: 3ms, render: 15ms)
 GET /profile 200 in 17ms (compile: 3ms, render: 14ms)
 GET / 200 in 14ms (compile: 3ms, render: 12ms)
 GET / 200 in 21ms (compile: 3ms, render: 19ms)
 GET /auth 200 in 17ms (compile: 3ms, render: 14ms)
 GET /admin 200 in 116ms (compile: 71ms, render: 45ms)
 GET /admin/chat 200 in 304ms (compile: 285ms, render: 19ms)
 GET / 200 in 16ms (compile: 4ms, render: 12ms)
 GET /admin 200 in 20ms (compile: 4ms, render: 16ms)
 GET /admin/chat 200 in 19ms (compile: 3ms, render: 17ms)
Ô£ô Compiled in 37ms
 GET / 200 in 16ms (compile: 3ms, render: 13ms)
 GET / 200 in 19ms (compile: 2ms, render: 17ms)
 GET /auth 200 in 16ms (compile: 3ms, render: 14ms)
 GET /profile 200 in 81ms (compile: 58ms, render: 23ms)
 GET /profile 200 in 85ms (compile: 4ms, render: 81ms)
 GET /profile 200 in 44ms (compile: 5ms, render: 38ms)
 GET /profile 200 in 46ms (compile: 10ms, render: 36ms)
 GET /profile 200 in 41ms (compile: 3ms, render: 38ms)
 GET / 200 in 17ms (compile: 3ms, render: 14ms)
 GET / 200 in 16ms (compile: 3ms, render: 14ms)
 GET /auth 200 in 19ms (compile: 3ms, render: 15ms)
 GET /profile 200 in 20ms (compile: 3ms, render: 17ms)
 GET / 200 in 16ms (compile: 3ms, render: 13ms)
 GET /profile 200 in 16ms (compile: 3ms, render: 14ms)
 GET / 200 in 16ms (compile: 3ms, render: 13ms)
 GET / 200 in 18ms (compile: 2ms, render: 16ms)
 GET /auth 200 in 17ms (compile: 3ms, render: 14ms)
 GET /admin 200 in 18ms (compile: 2ms, render: 16ms)
 GET /admin/chat 200 in 19ms (compile: 3ms, render: 16ms)
 GET / 200 in 15ms (compile: 3ms, render: 12ms)
 GET /admin 200 in 18ms (compile: 3ms, render: 15ms)
 GET /admin/chat 200 in 17ms (compile: 2ms, render: 15ms)
 GET / 200 in 16ms (compile: 3ms, render: 13ms)
 GET /admin 200 in 19ms (compile: 3ms, render: 16ms)
 GET / 200 in 15ms (compile: 3ms, render: 12ms)
 GET / 200 in 18ms (compile: 2ms, render: 16ms)
 GET /auth 200 in 17ms (compile: 3ms, render: 14ms)
 GET /profile 200 in 17ms (compile: 2ms, render: 15ms)
 GET /profile 200 in 38ms (compile: 4ms, render: 34ms)
 GET / 200 in 22ms (compile: 5ms, render: 17ms)
 GET / 200 in 17ms (compile: 2ms, render: 15ms)
 GET / 200 in 57ms (compile: 3ms, render: 54ms)
 GET /auth 200 in 16ms (compile: 3ms, render: 13ms)
 GET /profile 200 in 18ms (compile: 3ms, render: 15ms)
