
> api@1.0.0 dev
> nodemon src/index.ts

[33m[nodemon] 3.1.14[39m
[33m[nodemon] to restart at any time, enter `rs`[39m
[33m[nodemon] watching path(s): *.*[39m
[33m[nodemon] watching extensions: ts,json[39m
[32m[nodemon] starting `ts-node src/index.ts`[39m
[dotenv@17.3.1] injecting env (0) from .env -- tip: ÔÜÖ´©Å  load multiple .env files with { path: ['.env.local', '.env'] }
[dotenv@17.3.1] injecting env (0) from .env -- tip: ÔÜÖ´©Å  load multiple .env files with { path: ['.env.local', '.env'] }
Recommerce API is running on port 4000
[32m[nodemon] restarting due to changes...[39m
[32m[nodemon] starting `ts-node src/index.ts`[39m
[dotenv@17.3.1] injecting env (0) from .env -- tip: ­ƒñû agentic secret storage: https://dotenvx.com/as2
[dotenv@17.3.1] injecting env (0) from .env -- tip: ­ƒñû agentic secret storage: https://dotenvx.com/as2
Recommerce API is running on port 4000
PATCH /api/tickets/5dcaf70e-d704-4578-b970-f92d4f5fc5a1/status undefined
Updating ticket 5dcaf70e-d704-4578-b970-f92d4f5fc5a1 with data: { isUrgent: true }
[32m[nodemon] restarting due to changes...[39m
[32m[nodemon] starting `ts-node src/index.ts`[39m
[dotenv@17.3.1] injecting env (0) from .env -- tip: ­ƒöÉ prevent committing .env to code: https://dotenvx.com/precommit
[dotenv@17.3.1] injecting env (0) from .env -- tip: ÔÜÖ´©Å  enable debug logging with { debug: true }
Recommerce API is running on port 4000
Fetched 3 tickets
Fetched 3 tickets
Fetched 3 tickets
Fetched 3 tickets
Fetched 3 tickets
Fetched 3 tickets
Fetched 3 tickets
Fetched 3 tickets
Fetched 3 tickets
Fetched 3 tickets
Fetched 3 tickets
Fetched 3 tickets
Fetched 3 tickets
Fetched 3 tickets
Fetched 3 tickets
Fetched 3 tickets
Fetched 3 tickets
Fetched 3 tickets
Fetched 3 tickets
Fetched 3 tickets
Fetched 3 tickets
Fetched 3 tickets
Fetched 3 tickets
Fetched 3 tickets
Fetched 3 tickets
Fetched 3 tickets
Fetched 3 tickets
Fetched 3 tickets
Fetched 3 tickets
Fetched 3 tickets
Fetched 3 tickets
Fetched 3 tickets
Fetched 3 tickets
Fetched 3 tickets
Fetched 3 tickets
Fetched 3 tickets
Fetched 3 tickets
Fetched 3 tickets
Fetched 3 tickets
Fetched 3 tickets
Fetched 3 tickets
Fetched 3 tickets
Fetched 3 tickets
Fetched 3 tickets
Fetched 3 tickets
Fetched 3 tickets
Fetched 3 tickets
Fetched 3 tickets
Fetched 3 tickets
Fetched 3 tickets
Fetched 3 tickets
Fetched 3 tickets
Fetched 3 tickets
Fetched 3 tickets
Fetched 3 tickets
Fetched 3 tickets
Fetched 3 tickets
Fetched 3 tickets
Fetched 3 tickets
Fetched 3 tickets
Fetched 3 tickets
Fetched 3 tickets
Fetched 3 tickets
Fetched 3 tickets
Fetched 3 tickets
Fetched 3 tickets
Fetched 3 tickets
Fetched 3 tickets
Fetched 3 tickets
Fetched 3 tickets
Fetched 3 tickets
Fetched 3 tickets
Fetched 3 tickets
Fetched 3 tickets
Fetched 3 tickets
Fetched 3 tickets
Fetched 3 tickets
Fetched 3 tickets
[32m[nodemon] restarting due to changes...[39m
[32m[nodemon] starting `ts-node src/index.ts`[39m
[32m[nodemon] restarting due to changes...[39m
[32m[nodemon] starting `ts-node src/index.ts`[39m
[32m[nodemon] restarting due to changes...[39m
[32m[nodemon] starting `ts-node src/index.ts`[39m
[dotenv@17.3.1] injecting env (0) from .env -- tip: ÔÜÖ´©Å  override existing env vars with { override: true }
[dotenv@17.3.1] injecting env (0) from .env -- tip: ­ƒöÉ encrypt with Dotenvx: https://dotenvx.com
Recommerce API is running on port 4000
[32m[nodemon] restarting due to changes...[39m
[32m[nodemon] starting `ts-node src/index.ts`[39m
[32m[nodemon] restarting due to changes...[39m
[32m[nodemon] starting `ts-node src/index.ts`[39m
[dotenv@17.3.1] injecting env (0) from .env -- tip: ­ƒöÉ prevent committing .env to code: https://dotenvx.com/precommit
[dotenv@17.3.1] injecting env (0) from .env -- tip: ÔÜí´©Å secrets for agents: https://dotenvx.com/as2
Recommerce API is running on port 4000
[32m[nodemon] restarting due to changes...[39m
[32m[nodemon] starting `ts-node src/index.ts`[39m
[dotenv@17.3.1] injecting env (0) from .env -- tip: ­ƒøí´©Å auth for agents: https://vestauth.com
[dotenv@17.3.1] injecting env (0) from .env -- tip: ­ƒøí´©Å auth for agents: https://vestauth.com
Recommerce API is running on port 4000
[32m[nodemon] restarting due to changes...[39m
[32m[nodemon] starting `ts-node src/index.ts`[39m
[dotenv@17.3.1] injecting env (0) from .env -- tip: ­ƒöÉ encrypt with Dotenvx: https://dotenvx.com
[dotenv@17.3.1] injecting env (0) from .env -- tip: ­ƒöÉ prevent building .env in docker: https://dotenvx.com/prebuild
Recommerce API is running on port 4000
Error sending message: PrismaClientKnownRequestError: 
Invalid `prisma.message.create()` invocation in
C:\Github repos\projects\Bob\recommerce-marketplace\apps\api\src\routes\chat.ts:28:46

  25 try {
  26     const { content, senderId, receiverId, ticketId } = req.body;
  27 
ÔåÆ 28     const message = await prisma.message.create(
Foreign key constraint violated on the constraint: `Message_senderId_fkey`
    at zr.handleRequestError (C:\Github repos\projects\Bob\recommerce-marketplace\packages\database\node_modules\@prisma\client\src\runtime\RequestHandler.ts:237:13)
    at zr.handleAndLogRequestError (C:\Github repos\projects\Bob\recommerce-marketplace\packages\database\node_modules\@prisma\client\src\runtime\RequestHandler.ts:183:12)
    at zr.request (C:\Github repos\projects\Bob\recommerce-marketplace\packages\database\node_modules\@prisma\client\src\runtime\RequestHandler.ts:152:12)
    at processTicksAndRejections (node:internal/process/task_queues:104:5)
    at async a (C:\Github repos\projects\Bob\recommerce-marketplace\packages\database\node_modules\@prisma\client\src\runtime\getPrismaClient.ts:808:24)
    at async C:\Github repos\projects\Bob\recommerce-marketplace\apps\api\src\routes\chat.ts:28:25 {
  code: 'P2003',
  meta: {
    modelName: 'Message',
    driverAdapterError: DriverAdapterError: ForeignKeyConstraintViolation
        at PgTransaction.onError (C:\Github repos\projects\Bob\recommerce-marketplace\packages\database\node_modules\@prisma\adapter-pg\dist\index.js:687:11)
        at PgTransaction.performIO (C:\Github repos\projects\Bob\recommerce-marketplace\packages\database\node_modules\@prisma\adapter-pg\dist\index.js:682:12)
        at processTicksAndRejections (node:internal/process/task_queues:104:5)
        at async PgTransaction.queryRaw (C:\Github repos\projects\Bob\recommerce-marketplace\packages\database\node_modules\@prisma\adapter-pg\dist\index.js:602:30)
        at async e.interpretNode (C:\Github repos\projects\Bob\recommerce-marketplace\packages\database\node_modules\@prisma\client-engine-runtime\src\interpreter\query-interpreter.ts:186:26)
        at async e.interpretNode (C:\Github repos\projects\Bob\recommerce-marketplace\packages\database\node_modules\@prisma\client-engine-runtime\src\interpreter\query-interpreter.ts:213:41)
        at async e.interpretNode (C:\Github repos\projects\Bob\recommerce-marketplace\packages\database\node_modules\@prisma\client-engine-runtime\src\interpreter\query-interpreter.ts:128:29)
        at async e.interpretNode (C:\Github repos\projects\Bob\recommerce-marketplace\packages\database\node_modules\@prisma\client-engine-runtime\src\interpreter\query-interpreter.ts:272:41)
        at async e.interpretNode (C:\Github repos\projects\Bob\recommerce-marketplace\packages\database\node_modules\@prisma\client-engine-runtime\src\interpreter\query-interpreter.ts:262:25)
        at async e.run (C:\Github repos\projects\Bob\recommerce-marketplace\packages\database\node_modules\@prisma\client-engine-runtime\src\interpreter\query-interpreter.ts:94:23) {
      cause: [Object]
    }
  },
  clientVersion: '7.4.2'
}
Error sending message: PrismaClientKnownRequestError: 
Invalid `prisma.message.create()` invocation in
C:\Github repos\projects\Bob\recommerce-marketplace\apps\api\src\routes\chat.ts:28:46

  25 try {
  26     const { content, senderId, receiverId, ticketId } = req.body;
  27 
ÔåÆ 28     const message = await prisma.message.create(
Foreign key constraint violated on the constraint: `Message_senderId_fkey`
    at zr.handleRequestError (C:\Github repos\projects\Bob\recommerce-marketplace\packages\database\node_modules\@prisma\client\src\runtime\RequestHandler.ts:237:13)
    at zr.handleAndLogRequestError (C:\Github repos\projects\Bob\recommerce-marketplace\packages\database\node_modules\@prisma\client\src\runtime\RequestHandler.ts:183:12)
    at zr.request (C:\Github repos\projects\Bob\recommerce-marketplace\packages\database\node_modules\@prisma\client\src\runtime\RequestHandler.ts:152:12)
    at processTicksAndRejections (node:internal/process/task_queues:104:5)
    at async a (C:\Github repos\projects\Bob\recommerce-marketplace\packages\database\node_modules\@prisma\client\src\runtime\getPrismaClient.ts:808:24)
    at async C:\Github repos\projects\Bob\recommerce-marketplace\apps\api\src\routes\chat.ts:28:25 {
  code: 'P2003',
  meta: {
    modelName: 'Message',
    driverAdapterError: DriverAdapterError: ForeignKeyConstraintViolation
        at PgTransaction.onError (C:\Github repos\projects\Bob\recommerce-marketplace\packages\database\node_modules\@prisma\adapter-pg\dist\index.js:687:11)
        at PgTransaction.performIO (C:\Github repos\projects\Bob\recommerce-marketplace\packages\database\node_modules\@prisma\adapter-pg\dist\index.js:682:12)
        at processTicksAndRejections (node:internal/process/task_queues:104:5)
        at async PgTransaction.queryRaw (C:\Github repos\projects\Bob\recommerce-marketplace\packages\database\node_modules\@prisma\adapter-pg\dist\index.js:602:30)
        at async e.interpretNode (C:\Github repos\projects\Bob\recommerce-marketplace\packages\database\node_modules\@prisma\client-engine-runtime\src\interpreter\query-interpreter.ts:186:26)
        at async e.interpretNode (C:\Github repos\projects\Bob\recommerce-marketplace\packages\database\node_modules\@prisma\client-engine-runtime\src\interpreter\query-interpreter.ts:213:41)
        at async e.interpretNode (C:\Github repos\projects\Bob\recommerce-marketplace\packages\database\node_modules\@prisma\client-engine-runtime\src\interpreter\query-interpreter.ts:128:29)
        at async e.interpretNode (C:\Github repos\projects\Bob\recommerce-marketplace\packages\database\node_modules\@prisma\client-engine-runtime\src\interpreter\query-interpreter.ts:272:41)
        at async e.interpretNode (C:\Github repos\projects\Bob\recommerce-marketplace\packages\database\node_modules\@prisma\client-engine-runtime\src\interpreter\query-interpreter.ts:262:25)
        at async e.run (C:\Github repos\projects\Bob\recommerce-marketplace\packages\database\node_modules\@prisma\client-engine-runtime\src\interpreter\query-interpreter.ts:94:23) {
      cause: [Object]
    }
  },
  clientVersion: '7.4.2'
}
Error sending message: PrismaClientKnownRequestError: 
Invalid `prisma.message.create()` invocation in
C:\Github repos\projects\Bob\recommerce-marketplace\apps\api\src\routes\chat.ts:28:46

  25 try {
  26     const { content, senderId, receiverId, ticketId } = req.body;
  27 
ÔåÆ 28     const message = await prisma.message.create(
Foreign key constraint violated on the constraint: `Message_senderId_fkey`
    at zr.handleRequestError (C:\Github repos\projects\Bob\recommerce-marketplace\packages\database\node_modules\@prisma\client\src\runtime\RequestHandler.ts:237:13)
    at zr.handleAndLogRequestError (C:\Github repos\projects\Bob\recommerce-marketplace\packages\database\node_modules\@prisma\client\src\runtime\RequestHandler.ts:183:12)
    at zr.request (C:\Github repos\projects\Bob\recommerce-marketplace\packages\database\node_modules\@prisma\client\src\runtime\RequestHandler.ts:152:12)
    at processTicksAndRejections (node:internal/process/task_queues:104:5)
    at async a (C:\Github repos\projects\Bob\recommerce-marketplace\packages\database\node_modules\@prisma\client\src\runtime\getPrismaClient.ts:808:24)
    at async C:\Github repos\projects\Bob\recommerce-marketplace\apps\api\src\routes\chat.ts:28:25 {
  code: 'P2003',
  meta: {
    modelName: 'Message',
    driverAdapterError: DriverAdapterError: ForeignKeyConstraintViolation
        at PgTransaction.onError (C:\Github repos\projects\Bob\recommerce-marketplace\packages\database\node_modules\@prisma\adapter-pg\dist\index.js:687:11)
        at PgTransaction.performIO (C:\Github repos\projects\Bob\recommerce-marketplace\packages\database\node_modules\@prisma\adapter-pg\dist\index.js:682:12)
        at processTicksAndRejections (node:internal/process/task_queues:104:5)
        at async PgTransaction.queryRaw (C:\Github repos\projects\Bob\recommerce-marketplace\packages\database\node_modules\@prisma\adapter-pg\dist\index.js:602:30)
        at async e.interpretNode (C:\Github repos\projects\Bob\recommerce-marketplace\packages\database\node_modules\@prisma\client-engine-runtime\src\interpreter\query-interpreter.ts:186:26)
        at async e.interpretNode (C:\Github repos\projects\Bob\recommerce-marketplace\packages\database\node_modules\@prisma\client-engine-runtime\src\interpreter\query-interpreter.ts:213:41)
        at async e.interpretNode (C:\Github repos\projects\Bob\recommerce-marketplace\packages\database\node_modules\@prisma\client-engine-runtime\src\interpreter\query-interpreter.ts:128:29)
        at async e.interpretNode (C:\Github repos\projects\Bob\recommerce-marketplace\packages\database\node_modules\@prisma\client-engine-runtime\src\interpreter\query-interpreter.ts:272:41)
        at async e.interpretNode (C:\Github repos\projects\Bob\recommerce-marketplace\packages\database\node_modules\@prisma\client-engine-runtime\src\interpreter\query-interpreter.ts:262:25)
        at async e.run (C:\Github repos\projects\Bob\recommerce-marketplace\packages\database\node_modules\@prisma\client-engine-runtime\src\interpreter\query-interpreter.ts:94:23) {
      cause: [Object]
    }
  },
  clientVersion: '7.4.2'
}
Error sending message: PrismaClientValidationError: 
Invalid `prisma.message.create()` invocation in
C:\Github repos\projects\Bob\recommerce-marketplace\apps\api\src\routes\chat.ts:28:46

  25 try {
  26     const { content, senderId, receiverId, ticketId } = req.body;
  27 
ÔåÆ 28     const message = await prisma.message.create({
           data: {
             content: "hi",
             senderId: "2",
             receiverId: "1",
             ticketId: undefined,
         +   sender: {
         +     create: UserCreateWithoutMessagesSentInput | UserUncheckedCreateWithoutMessagesSentInput,
         +     connectOrCreate: UserCreateOrConnectWithoutMessagesSentInput,
         +     connect: UserWhereUniqueInput
         +   }
           },
           include: {
             sender: true
           }
         })

Argument `sender` is missing.
    at throwValidationException (C:\Github repos\projects\Bob\recommerce-marketplace\packages\database\node_modules\@prisma\client\src\runtime\core\errorRendering\throwValidationException.ts:46:9)
    at zr.handleRequestError (C:\Github repos\projects\Bob\recommerce-marketplace\packages\database\node_modules\@prisma\client\src\runtime\RequestHandler.ts:211:7)
    at zr.handleAndLogRequestError (C:\Github repos\projects\Bob\recommerce-marketplace\packages\database\node_modules\@prisma\client\src\runtime\RequestHandler.ts:183:12)
    at zr.request (C:\Github repos\projects\Bob\recommerce-marketplace\packages\database\node_modules\@prisma\client\src\runtime\RequestHandler.ts:152:12)
    at processTicksAndRejections (node:internal/process/task_queues:104:5)
    at async a (C:\Github repos\projects\Bob\recommerce-marketplace\packages\database\node_modules\@prisma\client\src\runtime\getPrismaClient.ts:808:24)
    at async C:\Github repos\projects\Bob\recommerce-marketplace\apps\api\src\routes\chat.ts:28:25 {
  clientVersion: '7.4.2'
}
Error sending message: PrismaClientValidationError: 
Invalid `prisma.message.create()` invocation in
C:\Github repos\projects\Bob\recommerce-marketplace\apps\api\src\routes\chat.ts:28:46

  25 try {
  26     const { content, senderId, receiverId, ticketId } = req.body;
  27 
ÔåÆ 28     const message = await prisma.message.create({
           data: {
             content: "hi",
             senderId: "2",
             receiverId: "1",
             ticketId: undefined,
         +   sender: {
         +     create: UserCreateWithoutMessagesSentInput | UserUncheckedCreateWithoutMessagesSentInput,
         +     connectOrCreate: UserCreateOrConnectWithoutMessagesSentInput,
         +     connect: UserWhereUniqueInput
         +   }
           },
           include: {
             sender: true
           }
         })

Argument `sender` is missing.
    at throwValidationException (C:\Github repos\projects\Bob\recommerce-marketplace\packages\database\node_modules\@prisma\client\src\runtime\core\errorRendering\throwValidationException.ts:46:9)
    at zr.handleRequestError (C:\Github repos\projects\Bob\recommerce-marketplace\packages\database\node_modules\@prisma\client\src\runtime\RequestHandler.ts:211:7)
    at zr.handleAndLogRequestError (C:\Github repos\projects\Bob\recommerce-marketplace\packages\database\node_modules\@prisma\client\src\runtime\RequestHandler.ts:183:12)
    at zr.request (C:\Github repos\projects\Bob\recommerce-marketplace\packages\database\node_modules\@prisma\client\src\runtime\RequestHandler.ts:152:12)
    at processTicksAndRejections (node:internal/process/task_queues:104:5)
    at async a (C:\Github repos\projects\Bob\recommerce-marketplace\packages\database\node_modules\@prisma\client\src\runtime\getPrismaClient.ts:808:24)
    at async C:\Github repos\projects\Bob\recommerce-marketplace\apps\api\src\routes\chat.ts:28:25 {
  clientVersion: '7.4.2'
}
Error sending message: PrismaClientValidationError: 
Invalid `prisma.message.create()` invocation in
C:\Github repos\projects\Bob\recommerce-marketplace\apps\api\src\routes\chat.ts:28:46

  25 try {
  26     const { content, senderId, receiverId, ticketId } = req.body;
  27 
ÔåÆ 28     const message = await prisma.message.create({
           data: {
             content: "hi",
             senderId: "2",
             receiverId: "1",
             ticketId: undefined,
         +   sender: {
         +     create: UserCreateWithoutMessagesSentInput | UserUncheckedCreateWithoutMessagesSentInput,
         +     connectOrCreate: UserCreateOrConnectWithoutMessagesSentInput,
         +     connect: UserWhereUniqueInput
         +   }
           },
           include: {
             sender: true
           }
         })

Argument `sender` is missing.
    at throwValidationException (C:\Github repos\projects\Bob\recommerce-marketplace\packages\database\node_modules\@prisma\client\src\runtime\core\errorRendering\throwValidationException.ts:46:9)
    at zr.handleRequestError (C:\Github repos\projects\Bob\recommerce-marketplace\packages\database\node_modules\@prisma\client\src\runtime\RequestHandler.ts:211:7)
    at zr.handleAndLogRequestError (C:\Github repos\projects\Bob\recommerce-marketplace\packages\database\node_modules\@prisma\client\src\runtime\RequestHandler.ts:183:12)
    at zr.request (C:\Github repos\projects\Bob\recommerce-marketplace\packages\database\node_modules\@prisma\client\src\runtime\RequestHandler.ts:152:12)
    at processTicksAndRejections (node:internal/process/task_queues:104:5)
    at async a (C:\Github repos\projects\Bob\recommerce-marketplace\packages\database\node_modules\@prisma\client\src\runtime\getPrismaClient.ts:808:24)
    at async C:\Github repos\projects\Bob\recommerce-marketplace\apps\api\src\routes\chat.ts:28:25 {
  clientVersion: '7.4.2'
}
Error sending message: PrismaClientValidationError: 
Invalid `prisma.message.create()` invocation in
C:\Github repos\projects\Bob\recommerce-marketplace\apps\api\src\routes\chat.ts:28:46

  25 try {
  26     const { content, senderId, receiverId, ticketId } = req.body;
  27 
ÔåÆ 28     const message = await prisma.message.create({
           data: {
             content: "hi",
             senderId: "2",
             receiverId: "1",
             ticketId: undefined,
         +   sender: {
         +     create: UserCreateWithoutMessagesSentInput | UserUncheckedCreateWithoutMessagesSentInput,
         +     connectOrCreate: UserCreateOrConnectWithoutMessagesSentInput,
         +     connect: UserWhereUniqueInput
         +   }
           },
           include: {
             sender: true
           }
         })

Argument `sender` is missing.
    at throwValidationException (C:\Github repos\projects\Bob\recommerce-marketplace\packages\database\node_modules\@prisma\client\src\runtime\core\errorRendering\throwValidationException.ts:46:9)
    at zr.handleRequestError (C:\Github repos\projects\Bob\recommerce-marketplace\packages\database\node_modules\@prisma\client\src\runtime\RequestHandler.ts:211:7)
    at zr.handleAndLogRequestError (C:\Github repos\projects\Bob\recommerce-marketplace\packages\database\node_modules\@prisma\client\src\runtime\RequestHandler.ts:183:12)
    at zr.request (C:\Github repos\projects\Bob\recommerce-marketplace\packages\database\node_modules\@prisma\client\src\runtime\RequestHandler.ts:152:12)
    at processTicksAndRejections (node:internal/process/task_queues:104:5)
    at async a (C:\Github repos\projects\Bob\recommerce-marketplace\packages\database\node_modules\@prisma\client\src\runtime\getPrismaClient.ts:808:24)
    at async C:\Github repos\projects\Bob\recommerce-marketplace\apps\api\src\routes\chat.ts:28:25 {
  clientVersion: '7.4.2'
}
Error sending message: PrismaClientKnownRequestError: 
Invalid `prisma.message.create()` invocation in
C:\Github repos\projects\Bob\recommerce-marketplace\apps\api\src\routes\chat.ts:28:46

  25 try {
  26     const { content, senderId, receiverId, ticketId } = req.body;
  27 
ÔåÆ 28     const message = await prisma.message.create(
Foreign key constraint violated on the constraint: `Message_senderId_fkey`
    at zr.handleRequestError (C:\Github repos\projects\Bob\recommerce-marketplace\packages\database\node_modules\@prisma\client\src\runtime\RequestHandler.ts:237:13)
    at zr.handleAndLogRequestError (C:\Github repos\projects\Bob\recommerce-marketplace\packages\database\node_modules\@prisma\client\src\runtime\RequestHandler.ts:183:12)
    at zr.request (C:\Github repos\projects\Bob\recommerce-marketplace\packages\database\node_modules\@prisma\client\src\runtime\RequestHandler.ts:152:12)
    at processTicksAndRejections (node:internal/process/task_queues:104:5)
    at async a (C:\Github repos\projects\Bob\recommerce-marketplace\packages\database\node_modules\@prisma\client\src\runtime\getPrismaClient.ts:808:24)
    at async C:\Github repos\projects\Bob\recommerce-marketplace\apps\api\src\routes\chat.ts:28:25 {
  code: 'P2003',
  meta: {
    modelName: 'Message',
    driverAdapterError: DriverAdapterError: ForeignKeyConstraintViolation
        at PgTransaction.onError (C:\Github repos\projects\Bob\recommerce-marketplace\packages\database\node_modules\@prisma\adapter-pg\dist\index.js:687:11)
        at PgTransaction.performIO (C:\Github repos\projects\Bob\recommerce-marketplace\packages\database\node_modules\@prisma\adapter-pg\dist\index.js:682:12)
        at processTicksAndRejections (node:internal/process/task_queues:104:5)
        at async PgTransaction.queryRaw (C:\Github repos\projects\Bob\recommerce-marketplace\packages\database\node_modules\@prisma\adapter-pg\dist\index.js:602:30)
        at async e.interpretNode (C:\Github repos\projects\Bob\recommerce-marketplace\packages\database\node_modules\@prisma\client-engine-runtime\src\interpreter\query-interpreter.ts:186:26)
        at async e.interpretNode (C:\Github repos\projects\Bob\recommerce-marketplace\packages\database\node_modules\@prisma\client-engine-runtime\src\interpreter\query-interpreter.ts:213:41)
        at async e.interpretNode (C:\Github repos\projects\Bob\recommerce-marketplace\packages\database\node_modules\@prisma\client-engine-runtime\src\interpreter\query-interpreter.ts:128:29)
        at async e.interpretNode (C:\Github repos\projects\Bob\recommerce-marketplace\packages\database\node_modules\@prisma\client-engine-runtime\src\interpreter\query-interpreter.ts:272:41)
        at async e.interpretNode (C:\Github repos\projects\Bob\recommerce-marketplace\packages\database\node_modules\@prisma\client-engine-runtime\src\interpreter\query-interpreter.ts:262:25)
        at async e.run (C:\Github repos\projects\Bob\recommerce-marketplace\packages\database\node_modules\@prisma\client-engine-runtime\src\interpreter\query-interpreter.ts:94:23) {
      cause: [Object]
    }
  },
  clientVersion: '7.4.2'
}
Error sending message: PrismaClientKnownRequestError: 
Invalid `prisma.message.create()` invocation in
C:\Github repos\projects\Bob\recommerce-marketplace\apps\api\src\routes\chat.ts:28:46

  25 try {
  26     const { content, senderId, receiverId, ticketId } = req.body;
  27 
ÔåÆ 28     const message = await prisma.message.create(
Foreign key constraint violated on the constraint: `Message_senderId_fkey`
    at zr.handleRequestError (C:\Github repos\projects\Bob\recommerce-marketplace\packages\database\node_modules\@prisma\client\src\runtime\RequestHandler.ts:237:13)
    at zr.handleAndLogRequestError (C:\Github repos\projects\Bob\recommerce-marketplace\packages\database\node_modules\@prisma\client\src\runtime\RequestHandler.ts:183:12)
    at zr.request (C:\Github repos\projects\Bob\recommerce-marketplace\packages\database\node_modules\@prisma\client\src\runtime\RequestHandler.ts:152:12)
    at processTicksAndRejections (node:internal/process/task_queues:104:5)
    at async a (C:\Github repos\projects\Bob\recommerce-marketplace\packages\database\node_modules\@prisma\client\src\runtime\getPrismaClient.ts:808:24)
    at async C:\Github repos\projects\Bob\recommerce-marketplace\apps\api\src\routes\chat.ts:28:25 {
  code: 'P2003',
  meta: {
    modelName: 'Message',
    driverAdapterError: DriverAdapterError: ForeignKeyConstraintViolation
        at PgTransaction.onError (C:\Github repos\projects\Bob\recommerce-marketplace\packages\database\node_modules\@prisma\adapter-pg\dist\index.js:687:11)
        at PgTransaction.performIO (C:\Github repos\projects\Bob\recommerce-marketplace\packages\database\node_modules\@prisma\adapter-pg\dist\index.js:682:12)
        at processTicksAndRejections (node:internal/process/task_queues:104:5)
        at async PgTransaction.queryRaw (C:\Github repos\projects\Bob\recommerce-marketplace\packages\database\node_modules\@prisma\adapter-pg\dist\index.js:602:30)
        at async e.interpretNode (C:\Github repos\projects\Bob\recommerce-marketplace\packages\database\node_modules\@prisma\client-engine-runtime\src\interpreter\query-interpreter.ts:186:26)
        at async e.interpretNode (C:\Github repos\projects\Bob\recommerce-marketplace\packages\database\node_modules\@prisma\client-engine-runtime\src\interpreter\query-interpreter.ts:213:41)
        at async e.interpretNode (C:\Github repos\projects\Bob\recommerce-marketplace\packages\database\node_modules\@prisma\client-engine-runtime\src\interpreter\query-interpreter.ts:128:29)
        at async e.interpretNode (C:\Github repos\projects\Bob\recommerce-marketplace\packages\database\node_modules\@prisma\client-engine-runtime\src\interpreter\query-interpreter.ts:272:41)
        at async e.interpretNode (C:\Github repos\projects\Bob\recommerce-marketplace\packages\database\node_modules\@prisma\client-engine-runtime\src\interpreter\query-interpreter.ts:262:25)
        at async e.run (C:\Github repos\projects\Bob\recommerce-marketplace\packages\database\node_modules\@prisma\client-engine-runtime\src\interpreter\query-interpreter.ts:94:23) {
      cause: [Object]
    }
  },
  clientVersion: '7.4.2'
}
Error sending message: PrismaClientKnownRequestError: 
Invalid `prisma.message.create()` invocation in
C:\Github repos\projects\Bob\recommerce-marketplace\apps\api\src\routes\chat.ts:28:46

  25 try {
  26     const { content, senderId, receiverId, ticketId } = req.body;
  27 
ÔåÆ 28     const message = await prisma.message.create(
Foreign key constraint violated on the constraint: `Message_senderId_fkey`
    at zr.handleRequestError (C:\Github repos\projects\Bob\recommerce-marketplace\packages\database\node_modules\@prisma\client\src\runtime\RequestHandler.ts:237:13)
    at zr.handleAndLogRequestError (C:\Github repos\projects\Bob\recommerce-marketplace\packages\database\node_modules\@prisma\client\src\runtime\RequestHandler.ts:183:12)
    at zr.request (C:\Github repos\projects\Bob\recommerce-marketplace\packages\database\node_modules\@prisma\client\src\runtime\RequestHandler.ts:152:12)
    at processTicksAndRejections (node:internal/process/task_queues:104:5)
    at async a (C:\Github repos\projects\Bob\recommerce-marketplace\packages\database\node_modules\@prisma\client\src\runtime\getPrismaClient.ts:808:24)
    at async C:\Github repos\projects\Bob\recommerce-marketplace\apps\api\src\routes\chat.ts:28:25 {
  code: 'P2003',
  meta: {
    modelName: 'Message',
    driverAdapterError: DriverAdapterError: ForeignKeyConstraintViolation
        at PgTransaction.onError (C:\Github repos\projects\Bob\recommerce-marketplace\packages\database\node_modules\@prisma\adapter-pg\dist\index.js:687:11)
        at PgTransaction.performIO (C:\Github repos\projects\Bob\recommerce-marketplace\packages\database\node_modules\@prisma\adapter-pg\dist\index.js:682:12)
        at processTicksAndRejections (node:internal/process/task_queues:104:5)
        at async PgTransaction.queryRaw (C:\Github repos\projects\Bob\recommerce-marketplace\packages\database\node_modules\@prisma\adapter-pg\dist\index.js:602:30)
        at async e.interpretNode (C:\Github repos\projects\Bob\recommerce-marketplace\packages\database\node_modules\@prisma\client-engine-runtime\src\interpreter\query-interpreter.ts:186:26)
        at async e.interpretNode (C:\Github repos\projects\Bob\recommerce-marketplace\packages\database\node_modules\@prisma\client-engine-runtime\src\interpreter\query-interpreter.ts:213:41)
        at async e.interpretNode (C:\Github repos\projects\Bob\recommerce-marketplace\packages\database\node_modules\@prisma\client-engine-runtime\src\interpreter\query-interpreter.ts:128:29)
        at async e.interpretNode (C:\Github repos\projects\Bob\recommerce-marketplace\packages\database\node_modules\@prisma\client-engine-runtime\src\interpreter\query-interpreter.ts:272:41)
        at async e.interpretNode (C:\Github repos\projects\Bob\recommerce-marketplace\packages\database\node_modules\@prisma\client-engine-runtime\src\interpreter\query-interpreter.ts:262:25)
        at async e.run (C:\Github repos\projects\Bob\recommerce-marketplace\packages\database\node_modules\@prisma\client-engine-runtime\src\interpreter\query-interpreter.ts:94:23) {
      cause: [Object]
    }
  },
  clientVersion: '7.4.2'
}
Error sending message: PrismaClientKnownRequestError: 
Invalid `prisma.message.create()` invocation in
C:\Github repos\projects\Bob\recommerce-marketplace\apps\api\src\routes\chat.ts:28:46

  25 try {
  26     const { content, senderId, receiverId, ticketId } = req.body;
  27 
ÔåÆ 28     const message = await prisma.message.create(
Foreign key constraint violated on the constraint: `Message_senderId_fkey`
    at zr.handleRequestError (C:\Github repos\projects\Bob\recommerce-marketplace\packages\database\node_modules\@prisma\client\src\runtime\RequestHandler.ts:237:13)
    at zr.handleAndLogRequestError (C:\Github repos\projects\Bob\recommerce-marketplace\packages\database\node_modules\@prisma\client\src\runtime\RequestHandler.ts:183:12)
    at zr.request (C:\Github repos\projects\Bob\recommerce-marketplace\packages\database\node_modules\@prisma\client\src\runtime\RequestHandler.ts:152:12)
    at processTicksAndRejections (node:internal/process/task_queues:104:5)
    at async a (C:\Github repos\projects\Bob\recommerce-marketplace\packages\database\node_modules\@prisma\client\src\runtime\getPrismaClient.ts:808:24)
    at async C:\Github repos\projects\Bob\recommerce-marketplace\apps\api\src\routes\chat.ts:28:25 {
  code: 'P2003',
  meta: {
    modelName: 'Message',
    driverAdapterError: DriverAdapterError: ForeignKeyConstraintViolation
        at PgTransaction.onError (C:\Github repos\projects\Bob\recommerce-marketplace\packages\database\node_modules\@prisma\adapter-pg\dist\index.js:687:11)
        at PgTransaction.performIO (C:\Github repos\projects\Bob\recommerce-marketplace\packages\database\node_modules\@prisma\adapter-pg\dist\index.js:682:12)
        at processTicksAndRejections (node:internal/process/task_queues:104:5)
        at async PgTransaction.queryRaw (C:\Github repos\projects\Bob\recommerce-marketplace\packages\database\node_modules\@prisma\adapter-pg\dist\index.js:602:30)
        at async e.interpretNode (C:\Github repos\projects\Bob\recommerce-marketplace\packages\database\node_modules\@prisma\client-engine-runtime\src\interpreter\query-interpreter.ts:186:26)
        at async e.interpretNode (C:\Github repos\projects\Bob\recommerce-marketplace\packages\database\node_modules\@prisma\client-engine-runtime\src\interpreter\query-interpreter.ts:213:41)
        at async e.interpretNode (C:\Github repos\projects\Bob\recommerce-marketplace\packages\database\node_modules\@prisma\client-engine-runtime\src\interpreter\query-interpreter.ts:128:29)
        at async e.interpretNode (C:\Github repos\projects\Bob\recommerce-marketplace\packages\database\node_modules\@prisma\client-engine-runtime\src\interpreter\query-interpreter.ts:272:41)
        at async e.interpretNode (C:\Github repos\projects\Bob\recommerce-marketplace\packages\database\node_modules\@prisma\client-engine-runtime\src\interpreter\query-interpreter.ts:262:25)
        at async e.run (C:\Github repos\projects\Bob\recommerce-marketplace\packages\database\node_modules\@prisma\client-engine-runtime\src\interpreter\query-interpreter.ts:94:23) {
      cause: [Object]
    }
  },
  clientVersion: '7.4.2'
}
Error sending message: PrismaClientKnownRequestError: 
Invalid `prisma.message.create()` invocation in
C:\Github repos\projects\Bob\recommerce-marketplace\apps\api\src\routes\chat.ts:28:46

  25 try {
  26     const { content, senderId, receiverId, ticketId } = req.body;
  27 
ÔåÆ 28     const message = await prisma.message.create(
Foreign key constraint violated on the constraint: `Message_senderId_fkey`
    at zr.handleRequestError (C:\Github repos\projects\Bob\recommerce-marketplace\packages\database\node_modules\@prisma\client\src\runtime\RequestHandler.ts:237:13)
    at zr.handleAndLogRequestError (C:\Github repos\projects\Bob\recommerce-marketplace\packages\database\node_modules\@prisma\client\src\runtime\RequestHandler.ts:183:12)
    at zr.request (C:\Github repos\projects\Bob\recommerce-marketplace\packages\database\node_modules\@prisma\client\src\runtime\RequestHandler.ts:152:12)
    at processTicksAndRejections (node:internal/process/task_queues:104:5)
    at async a (C:\Github repos\projects\Bob\recommerce-marketplace\packages\database\node_modules\@prisma\client\src\runtime\getPrismaClient.ts:808:24)
    at async C:\Github repos\projects\Bob\recommerce-marketplace\apps\api\src\routes\chat.ts:28:25 {
  code: 'P2003',
  meta: {
    modelName: 'Message',
    driverAdapterError: DriverAdapterError: ForeignKeyConstraintViolation
        at PgTransaction.onError (C:\Github repos\projects\Bob\recommerce-marketplace\packages\database\node_modules\@prisma\adapter-pg\dist\index.js:687:11)
        at PgTransaction.performIO (C:\Github repos\projects\Bob\recommerce-marketplace\packages\database\node_modules\@prisma\adapter-pg\dist\index.js:682:12)
        at processTicksAndRejections (node:internal/process/task_queues:104:5)
        at async PgTransaction.queryRaw (C:\Github repos\projects\Bob\recommerce-marketplace\packages\database\node_modules\@prisma\adapter-pg\dist\index.js:602:30)
        at async e.interpretNode (C:\Github repos\projects\Bob\recommerce-marketplace\packages\database\node_modules\@prisma\client-engine-runtime\src\interpreter\query-interpreter.ts:186:26)
        at async e.interpretNode (C:\Github repos\projects\Bob\recommerce-marketplace\packages\database\node_modules\@prisma\client-engine-runtime\src\interpreter\query-interpreter.ts:213:41)
        at async e.interpretNode (C:\Github repos\projects\Bob\recommerce-marketplace\packages\database\node_modules\@prisma\client-engine-runtime\src\interpreter\query-interpreter.ts:128:29)
        at async e.interpretNode (C:\Github repos\projects\Bob\recommerce-marketplace\packages\database\node_modules\@prisma\client-engine-runtime\src\interpreter\query-interpreter.ts:272:41)
        at async e.interpretNode (C:\Github repos\projects\Bob\recommerce-marketplace\packages\database\node_modules\@prisma\client-engine-runtime\src\interpreter\query-interpreter.ts:262:25)
        at async e.run (C:\Github repos\projects\Bob\recommerce-marketplace\packages\database\node_modules\@prisma\client-engine-runtime\src\interpreter\query-interpreter.ts:94:23) {
      cause: [Object]
    }
  },
  clientVersion: '7.4.2'
}
[32m[nodemon] restarting due to changes...[39m
[32m[nodemon] starting `ts-node src/index.ts`[39m
[dotenv@17.3.1] injecting env (0) from .env -- tip: ÔÜÖ´©Å  specify custom .env file path with { path: '/custom/path/.env' }
[dotenv@17.3.1] injecting env (0) from .env -- tip: ÔÜÖ´©Å  enable debug logging with { debug: true }
Recommerce API is running on port 4000
[32m[nodemon] restarting due to changes...[39m
[32m[nodemon] starting `ts-node src/index.ts`[39m
[dotenv@17.3.1] injecting env (0) from .env -- tip: ÔÜí´©Å secrets for agents: https://dotenvx.com/as2
[dotenv@17.3.1] injecting env (0) from .env -- tip: ÔÜÖ´©Å  specify custom .env file path with { path: '/custom/path/.env' }
Recommerce API is running on port 4000
[32m[nodemon] restarting due to changes...[39m
[32m[nodemon] starting `ts-node src/index.ts`[39m
[dotenv@17.3.1] injecting env (0) from .env -- tip: ­ƒøá´©Å  run anywhere with `dotenvx run -- yourcommand`
[dotenv@17.3.1] injecting env (0) from .env -- tip: ÔÜÖ´©Å  write to custom object with { processEnv: myObject }
Recommerce API is running on port 4000
[32m[nodemon] restarting due to changes...[39m
[32m[nodemon] starting `ts-node src/index.ts`[39m
[dotenv@17.3.1] injecting env (0) from .env -- tip: ÔÜÖ´©Å  load multiple .env files with { path: ['.env.local', '.env'] }
[dotenv@17.3.1] injecting env (0) from .env -- tip: ­ƒöÉ encrypt with Dotenvx: https://dotenvx.com
Recommerce API is running on port 4000
[32m[nodemon] restarting due to changes...[39m
[32m[nodemon] starting `ts-node src/index.ts`[39m
[dotenv@17.3.1] injecting env (0) from .env -- tip: ­ƒöÉ encrypt with Dotenvx: https://dotenvx.com
[dotenv@17.3.1] injecting env (0) from .env -- tip: ÔÜÖ´©Å  write to custom object with { processEnv: myObject }
Recommerce API is running on port 4000
[Chat] Sending message: sender=0fddf6fc-0e84-4488-b129-bd630e61aef5, receiver=1, ticket=b6218415-3fbe-4d79-b56c-1a120a5958a4
[Chat] Sending message: sender=0fddf6fc-0e84-4488-b129-bd630e61aef5, receiver=1, ticket=b6218415-3fbe-4d79-b56c-1a120a5958a4
[Chat] Sending message: sender=0fddf6fc-0e84-4488-b129-bd630e61aef5, receiver=1, ticket=b6218415-3fbe-4d79-b56c-1a120a5958a4
[Chat] Sending message: sender=0fddf6fc-0e84-4488-b129-bd630e61aef5, receiver=1, ticket=b6218415-3fbe-4d79-b56c-1a120a5958a4
[Chat] Sending message: sender=0fddf6fc-0e84-4488-b129-bd630e61aef5, receiver=1, ticket=b6218415-3fbe-4d79-b56c-1a120a5958a4
[Chat] Sending message: sender=0fddf6fc-0e84-4488-b129-bd630e61aef5, receiver=1, ticket=b6218415-3fbe-4d79-b56c-1a120a5958a4
[Chat] Sending message: sender=0fddf6fc-0e84-4488-b129-bd630e61aef5, receiver=1, ticket=b6218415-3fbe-4d79-b56c-1a120a5958a4
[Chat] Sending message: sender=0fddf6fc-0e84-4488-b129-bd630e61aef5, receiver=1, ticket=b6218415-3fbe-4d79-b56c-1a120a5958a4
[Chat] Sending message: sender=0fddf6fc-0e84-4488-b129-bd630e61aef5, receiver=1, ticket=b6218415-3fbe-4d79-b56c-1a120a5958a4
[Chat] Sending message: sender=0fddf6fc-0e84-4488-b129-bd630e61aef5, receiver=1, ticket=b6218415-3fbe-4d79-b56c-1a120a5958a4
[Chat] Sending message: sender=0fddf6fc-0e84-4488-b129-bd630e61aef5, receiver=1, ticket=b6218415-3fbe-4d79-b56c-1a120a5958a4
[Chat] Sending message: sender=0fddf6fc-0e84-4488-b129-bd630e61aef5, receiver=1, ticket=b6218415-3fbe-4d79-b56c-1a120a5958a4
[Chat] Sending message: sender=0fddf6fc-0e84-4488-b129-bd630e61aef5, receiver=1, ticket=b6218415-3fbe-4d79-b56c-1a120a5958a4
[Chat] Sending message: sender=0fddf6fc-0e84-4488-b129-bd630e61aef5, receiver=1, ticket=b6218415-3fbe-4d79-b56c-1a120a5958a4
[Chat] Sending message: sender=0fddf6fc-0e84-4488-b129-bd630e61aef5, receiver=1, ticket=b6218415-3fbe-4d79-b56c-1a120a5958a4
